<?xml version="1.0" encoding="UTF-8"?>
<robot generator="Robot 7.0.1 (Python 3.12.4 on win32)" generated="2024-08-21T23:26:16.843547" rpa="false" schemaversion="5">
<suite id="s1" name="SeleniumLab1" source="c:\Users\Administrator\Desktop\ActionDockerRobot\dockerActionRobot\SeleniumLab1.robot">
<test id="s1-t1" name="Sample test case with Chrome" line="12">
<kw name="Open Browser" owner="SeleniumLibrary">
<msg time="2024-08-21T23:26:17.426073" level="INFO">Opening browser 'headlesschrome' to base url 'None'.</msg>
<arg>browser=${BROWSER}</arg>
<arg>options=${BROWSER_OPTIONS}</arg>
<doc>Opens a new browser instance to the optional ``url``.</doc>
<status status="PASS" start="2024-08-21T23:26:17.426073" elapsed="3.177070"/>
</kw>
<kw name="Sleep" owner="BuiltIn">
<msg time="2024-08-21T23:26:30.605620" level="INFO">Slept 10 seconds.</msg>
<arg>10s</arg>
<doc>Pauses the test executed for the given time.</doc>
<status status="PASS" start="2024-08-21T23:26:20.603143" elapsed="10.002477"/>
</kw>
<kw name="Go To" owner="SeleniumLibrary">
<msg time="2024-08-21T23:26:30.607622" level="INFO">Opening url 'https://se.search.yahoo.com/?fr2=p:fprd,mkt:se'</msg>
<arg>${url_sample}</arg>
<doc>Navigates the current browser window to the provided ``url``.</doc>
<status status="PASS" start="2024-08-21T23:26:30.606619" elapsed="1.174525"/>
</kw>
<status status="PASS" start="2024-08-21T23:26:17.424070" elapsed="14.360084"/>
</test>
<doc>Robot Framework sample test case</doc>
<status status="PASS" start="2024-08-21T23:26:16.854556" elapsed="14.935588"/>
</suite>
<statistics>
<total>
<stat pass="1" fail="0" skip="0">All Tests</stat>
</total>
<tag>
</tag>
<suite>
<stat pass="1" fail="0" skip="0" id="s1" name="SeleniumLab1">SeleniumLab1</stat>
</suite>
</statistics>
<errors>
</errors>
</robot>
